\BOOKMARK [1][-]{section.1}{\376\377\137\025\212\000\377\032\227\136\176\277\140\047\146\040\134\004\166\204\123\357\211\306\123\026\143\021\142\030}{}% 1
\BOOKMARK [2][-]{subsection.1.1}{\376\377\225\356\230\230\166\204\145\160\133\146\210\150\217\360}{section.1}% 2
\BOOKMARK [2][-]{subsection.1.2}{\376\377\163\260\147\011\145\271\154\325\166\204\134\100\226\120\140\047}{section.1}% 3
\BOOKMARK [1][-]{section.2}{\376\377\000G\000r\000a\000d\000-\000C\000A\000M\000\040\166\204\145\160\133\146\123\237\164\006}{}% 4
\BOOKMARK [2][-]{subsection.2.1}{\376\377\150\257\136\246\166\204\121\150\134\100\136\163\127\107\116\016\162\171\137\201\147\103\221\315}{section.2}% 5
\BOOKMARK [2][-]{subsection.2.2}{\376\377\000G\000r\000a\000d\000-\000C\000A\000M\000\040\146\057\000\040\000C\000A\000M\000\040\166\204\143\250\136\177}{section.2}% 6
\BOOKMARK [2][-]{subsection.2.3}{\376\377\160\355\122\233\126\376\165\037\142\020\116\016\000\040\000R\000e\000L\000U\000\040\176\246\147\137}{section.2}% 7
\BOOKMARK [1][-]{section.3}{\376\377\232\330\122\006\217\250\163\207\123\357\211\306\123\026\377\032\000G\000u\000i\000d\000e\000d\000\040\000G\000r\000a\000d\000-\000C\000A\000M}{}% 8
\BOOKMARK [2][-]{subsection.3.1}{\376\377\207\215\124\010\173\126\165\145}{section.3}% 9
\BOOKMARK [1][-]{section.4}{\376\377\154\333\123\026\136\224\165\050\377\032\215\205\215\212\122\006\174\173\116\373\122\241}{}% 10
\BOOKMARK [2][-]{subsection.4.1}{\376\377\126\376\120\317\143\317\217\360}{section.4}% 11
\BOOKMARK [2][-]{subsection.4.2}{\376\377\211\306\211\311\225\356\173\124\000\040}{section.4}% 12
\BOOKMARK [1][-]{section.5}{\376\377\133\236\232\214\213\304\117\060\116\016\140\047\215\050\122\006\147\220}{}% 13
\BOOKMARK [2][-]{subsection.5.1}{\376\377\137\061\166\321\167\143\133\232\117\115\000\040}{section.5}% 14
\BOOKMARK [2][-]{subsection.5.2}{\376\377\137\340\133\236\136\246\232\214\213\301}{section.5}% 15
\BOOKMARK [2][-]{subsection.5.3}{\376\377\123\315\116\213\133\236\211\343\221\312}{section.5}% 16
\BOOKMARK [1][-]{section.6}{\376\377\116\052\116\272\213\244\116\072\124\057\123\321\116\016\210\115\165\037\140\363\154\325}{}% 17
\BOOKMARK [2][-]{subsection.6.1}{\376\377\150\257\136\246\211\306\211\322\133\371\155\361\136\246\133\146\116\140\166\204\124\057\171\072}{section.6}% 18
\BOOKMARK [2][-]{subsection.6.2}{\376\377\123\357\211\343\221\312\140\047\116\016\154\333\123\026\140\047\166\204\136\163\210\141}{section.6}% 19
\BOOKMARK [2][-]{subsection.6.3}{\376\377\156\020\217\333\137\017\174\276\176\306\123\026\166\204\213\276\213\241\124\362\133\146}{section.6}% 20
\BOOKMARK [2][-]{subsection.6.4}{\376\377\154\333\123\026\217\271\165\114\166\204\142\323\134\125}{section.6}% 21
\BOOKMARK [2][-]{subsection.6.5}{\376\377\211\343\221\312\166\204\116\343\116\367\116\016\134\100\226\120}{section.6}% 22
\BOOKMARK [2][-]{subsection.6.6}{\376\377\147\052\147\145\170\024\172\166\145\271\124\021\166\204\140\035\200\003}{section.6}% 23
\BOOKMARK [2][-]{subsection.6.7}{\376\377\116\052\116\272\141\037\140\237}{section.6}% 24
\BOOKMARK [1][-]{section.7}{\376\377\176\323\213\272}{}% 25
