\BOOKMARK [1][-]{section.1}{\376\377\137\025\212\000}{}% 1
\BOOKMARK [1][-]{section.2}{\376\377\200\314\146\157\116\016\166\370\121\163\135\345\117\134}{}% 2
\BOOKMARK [1][-]{section.3}{\376\377\145\271\154\325\213\272}{}% 3
\BOOKMARK [2][-]{subsection.3.1}{\376\377\122\115\124\021\142\151\145\143\217\307\172\013}{section.3}% 4
\BOOKMARK [2][-]{subsection.3.2}{\376\377\220\006\124\021\123\273\126\152\217\307\172\013}{section.3}% 5
\BOOKMARK [2][-]{subsection.3.3}{\376\377\166\356\150\007\121\375\145\160}{section.3}% 6
\BOOKMARK [2][-]{subsection.3.4}{\376\377\152\041\127\213\147\266\147\204}{section.3}% 7
\BOOKMARK [2][-]{subsection.3.5}{\376\377\133\236\163\260\176\306\202\202}{section.3}% 8
\BOOKMARK [2][-]{subsection.3.6}{\376\377\213\255\176\303\116\016\221\307\150\067\173\227\154\325}{section.3}% 9
\BOOKMARK [1][-]{section.4}{\376\377\133\236\232\214\116\016\176\323\147\234}{}% 10
\BOOKMARK [2][-]{subsection.4.1}{\376\377\150\067\147\054\215\050\221\317}{section.4}% 11
\BOOKMARK [2][-]{subsection.4.2}{\376\377\116\016\121\166\116\326\152\041\127\213\166\204\153\324\217\203}{section.4}% 12
\BOOKMARK [2][-]{subsection.4.3}{\376\377\156\020\217\333\137\017\177\026\170\001\116\016\143\322\120\074}{section.4}% 13
\BOOKMARK [2][-]{subsection.4.4}{\376\377\155\210\207\215\133\236\232\214}{section.4}% 14
\BOOKMARK [1][-]{section.5}{\376\377\116\073\211\201\215\041\163\056}{}% 15
\BOOKMARK [1][-]{section.6}{\376\377\116\052\116\272\124\057\123\321\116\016\211\301\211\343}{}% 16
\BOOKMARK [2][-]{subsection.6.1}{\376\377\217\355\116\343\117\030\123\026\166\204\122\233\221\317}{section.6}% 17
\BOOKMARK [2][-]{subsection.6.2}{\376\377\117\341\126\152\153\324\117\134\116\072\213\376\172\013\133\146\116\140}{section.6}% 18
\BOOKMARK [2][-]{subsection.6.3}{\376\377\165\037\142\020\136\372\152\041\117\134\116\072\220\006\162\151\164\006\217\307\172\013}{section.6}% 19
\BOOKMARK [1][-]{section.7}{\376\377\210\115\165\037\140\363\154\325\116\016\147\052\147\145\145\271\124\021}{}% 20
\BOOKMARK [2][-]{subsection.7.1}{\376\377\122\240\220\037\221\307\150\067}{section.7}% 21
\BOOKMARK [2][-]{subsection.7.2}{\376\377\147\141\116\366\165\037\142\020\116\016\143\247\122\066}{section.7}% 22
\BOOKMARK [2][-]{subsection.7.3}{\376\377\121\166\116\326\230\206\127\337\166\204\142\151\145\143}{section.7}% 23
\BOOKMARK [2][-]{subsection.7.4}{\376\377\157\134\127\050\142\151\145\143}{section.7}% 24
\BOOKMARK [1][-]{section.8}{\376\377\164\006\213\272\122\006\147\220}{}% 25
\BOOKMARK [2][-]{subsection.8.1}{\376\377\123\330\122\006\116\013\165\114\166\204\143\250\133\374}{section.8}% 26
\BOOKMARK [2][-]{subsection.8.2}{\376\377\116\016\147\027\116\113\116\007\122\250\122\233\133\146\166\204\200\124\174\373}{section.8}% 27
\BOOKMARK [1][-]{section.9}{\376\377\176\323\213\272}{}% 28
