\BOOKMARK [1][-]{section.1}{\376\377\137\025\212\000}{}% 1
\BOOKMARK [2][-]{subsection.1.1}{\376\377\200\314\146\157}{section.1}% 2
\BOOKMARK [2][-]{subsection.1.2}{\376\377\000D\000e\000e\000p\000O\000N\000e\000t\000\040\173\200\116\313}{section.1}% 3
\BOOKMARK [2][-]{subsection.1.3}{\376\377\116\373\122\241\133\232\116\111}{section.1}% 4
\BOOKMARK [1][-]{section.2}{\376\377\145\271\154\325\213\272}{}% 5
\BOOKMARK [2][-]{subsection.2.1}{\376\377\000D\000e\000e\000p\000O\000N\000e\000t\000\040\147\266\147\204}{section.2}% 6
\BOOKMARK [2][-]{subsection.2.2}{\376\377\143\137\131\061\121\375\145\160}{section.2}% 7
\BOOKMARK [1][-]{section.3}{\376\377\133\236\232\214\213\276\177\156}{}% 8
\BOOKMARK [2][-]{subsection.3.1}{\376\377\145\160\143\156\226\306}{section.3}% 9
\BOOKMARK [2][-]{subsection.3.2}{\376\377\152\041\127\213\147\266\147\204\123\330\117\123}{section.3}% 10
\BOOKMARK [1][-]{section.4}{\376\377\176\323\147\234\116\016\122\006\147\220}{}% 11
\BOOKMARK [2][-]{subsection.4.1}{\376\377\213\255\176\303\122\250\140\001\122\006\147\220}{section.4}% 12
\BOOKMARK [2][-]{subsection.4.2}{\376\377\133\232\221\317\140\047\200\375\213\304\117\060}{section.4}% 13
\BOOKMARK [2][-]{subsection.4.3}{\376\377\230\204\155\113\176\323\147\234\123\357\211\306\123\026}{section.4}% 14
\BOOKMARK [2][-]{subsection.4.4}{\376\377\213\357\135\356\122\006\136\003\122\006\147\220}{section.4}% 15
\BOOKMARK [2][-]{subsection.4.5}{\376\377\176\335\133\371\213\357\135\356\154\277\133\232\116\111\127\337\122\006\136\003}{section.4}% 16
\BOOKMARK [1][-]{section.5}{\376\377\213\250\213\272}{}% 17
\BOOKMARK [2][-]{subsection.5.1}{\376\377\177\121\176\334\155\361\136\246\166\204\147\103\210\141}{section.5}% 18
\BOOKMARK [2][-]{subsection.5.2}{\376\377\221\307\150\067\173\126\165\145\166\204\221\315\211\201\140\047}{section.5}% 19
\BOOKMARK [1][-]{section.6}{\376\377\176\323\213\272}{}% 20
