\BOOKMARK [1][-]{section.1}{\376\377\137\025\212\000}{}% 1
\BOOKMARK [1][-]{section.2}{\376\377\133\236\232\214\213\276\177\156\116\016\145\271\154\325}{}% 2
\BOOKMARK [2][-]{subsection.2.1}{\376\377\145\160\143\156\165\037\142\020}{section.2}% 3
\BOOKMARK [2][-]{subsection.2.2}{\376\377\152\041\127\213\147\266\147\204}{section.2}% 4
\BOOKMARK [2][-]{subsection.2.3}{\376\377\213\255\176\303\173\126\165\145}{section.2}% 5
\BOOKMARK [1][-]{section.3}{\376\377\176\323\147\234\116\016\122\006\147\220}{}% 6
\BOOKMARK [2][-]{subsection.3.1}{\376\377\213\255\176\303\122\250\140\001\122\006\147\220}{section.3}% 7
\BOOKMARK [2][-]{subsection.3.2}{\376\377\142\337\124\010\176\323\147\234\133\232\140\047\213\304\117\060}{section.3}% 8
\BOOKMARK [1][-]{section.4}{\376\377\126\152\130\360\174\173\127\213\116\016\137\072\136\246\133\371\152\041\127\213\166\204\137\161\124\315\122\006\147\220}{}% 9
\BOOKMARK [2][-]{subsection.4.1}{\376\377\176\323\147\234\122\006\147\220}{section.4}% 10
\BOOKMARK [2][-]{subsection.4.2}{\376\377\176\323\213\272}{section.4}% 11
\BOOKMARK [1][-]{section.5}{\376\377\152\041\127\213\131\026\143\250\200\375\122\233\143\242\172\166}{}% 12
\BOOKMARK [2][-]{subsection.5.1}{\376\377\176\323\147\234\122\006\147\220}{section.5}% 13
\BOOKMARK [2][-]{subsection.5.2}{\376\377\176\323\213\272}{section.5}% 14
\BOOKMARK [1][-]{section.6}{\376\377\215\205\123\302\145\160\145\117\141\037\140\047\122\006\147\220}{}% 15
\BOOKMARK [2][-]{subsection.6.1}{\376\377\226\220\205\317\123\125\121\103\145\160\221\317\166\204\137\161\124\315}{section.6}% 16
\BOOKMARK [2][-]{subsection.6.2}{\376\377\145\160\143\156\221\307\150\067\133\306\136\246\166\204\137\161\124\315}{section.6}% 17
\BOOKMARK [2][-]{subsection.6.3}{\376\377\157\300\155\073\121\375\145\160\174\173\127\213\166\204\137\161\124\315}{section.6}% 18
\BOOKMARK [2][-]{subsection.6.4}{\376\377\177\121\176\334\155\361\136\246\166\204\137\161\124\315}{section.6}% 19
\BOOKMARK [1][-]{section.7}{\376\377\213\250\213\272}{}% 20
\BOOKMARK [2][-]{subsection.7.1}{\376\377\120\117\135\356\000-\145\271\135\356\147\103\210\141\377\010\000B\000i\000a\000s\000-\000V\000a\000r\000i\000a\000n\000c\000e\000\040\000T\000r\000a\000d\000e\000o\000f\000f\377\011}{section.7}% 21
\BOOKMARK [2][-]{subsection.7.2}{\376\377\217\307\142\337\124\010\166\204\147\054\215\050\116\016\142\020\126\340}{section.7}% 22
\BOOKMARK [2][-]{subsection.7.3}{\376\377\145\071\217\333\173\126\165\145\116\016\147\052\147\145\145\271\124\021}{section.7}% 23
\BOOKMARK [1][-]{section.8}{\376\377\176\323\213\272}{}% 24
