\BOOKMARK [1][-]{section.1}{\376\377\137\025\212\000}{}% 1
\BOOKMARK [2][-]{subsection.1.1}{\376\377\170\024\172\166\200\314\146\157}{section.1}% 2
\BOOKMARK [2][-]{subsection.1.2}{\376\377\166\370\121\163\135\345\117\134}{section.1}% 3
\BOOKMARK [2][-]{subsection.1.3}{\376\377\155\367\154\214\164\006\213\272\116\016\147\011\145\110\136\002\127\072\120\107\213\364}{section.1}% 4
\BOOKMARK [3][-]{subsubsection.1.3.1}{\376\377\170\156\133\232\140\047\155\367\154\214}{subsection.1.3}% 5
\BOOKMARK [3][-]{subsubsection.1.3.2}{\376\377\147\011\145\110\136\002\127\072\120\107\213\364}{subsection.1.3}% 6
\BOOKMARK [2][-]{subsection.1.4}{\376\377\155\361\136\246\133\146\116\140\127\050\221\321\207\215\230\206\127\337\166\204\147\072\220\107\116\016\143\021\142\030}{section.1}% 7
\BOOKMARK [2][-]{subsection.1.5}{\376\377\170\024\172\166\166\356\150\007}{section.1}% 8
\BOOKMARK [1][-]{section.2}{\376\377\145\271\154\325\213\272}{}% 9
\BOOKMARK [2][-]{subsection.2.1}{\376\377\145\160\143\156\230\204\131\004\164\006}{section.2}% 10
\BOOKMARK [3][-]{subsubsection.2.1.1}{\376\377\137\122\116\000\123\026}{subsection.2.1}% 11
\BOOKMARK [3][-]{subsubsection.2.1.2}{\376\377\156\321\122\250\172\227\123\343\154\325\000\040}{subsection.2.1}% 12
\BOOKMARK [2][-]{subsection.2.2}{\376\377\152\041\127\213\147\266\147\204\377\032\131\032\134\102\141\037\167\345\147\072}{section.2}% 13
\BOOKMARK [2][-]{subsection.2.3}{\376\377\127\372\121\306\152\041\127\213}{section.2}% 14
\BOOKMARK [2][-]{subsection.2.4}{\376\377\116\015\170\156\133\232\140\047\221\317\123\026}{section.2}% 15
\BOOKMARK [2][-]{subsection.2.5}{\376\377\213\304\116\367\143\007\150\007}{section.2}% 16
\BOOKMARK [2][-]{subsection.2.6}{\376\377\155\367\154\214\174\373\176\337\166\204\221\317\123\026\143\007\150\007\377\032\147\116\226\305\146\156\213\372\131\053\143\007\145\160}{section.2}% 17
\BOOKMARK [1][-]{section.3}{\376\377\133\236\232\214\116\000\377\032\155\033\117\046\121\171\174\373\176\337\122\006\147\220}{}% 18
\BOOKMARK [2][-]{subsection.3.1}{\376\377\174\373\176\337\143\317\217\360\116\016\145\160\143\156\165\037\142\020}{section.3}% 19
\BOOKMARK [2][-]{subsection.3.2}{\376\377\152\041\127\213\213\255\176\303\116\016\145\066\145\133\140\047}{section.3}% 20
\BOOKMARK [2][-]{subsection.3.3}{\376\377\230\204\155\113\176\323\147\234\122\006\147\220}{section.3}% 21
\BOOKMARK [1][-]{section.4}{\376\377\133\236\232\214\116\214\377\032\200\241\171\150\116\367\150\074\230\204\155\113\122\006\147\220}{}% 22
\BOOKMARK [2][-]{subsection.4.1}{\376\377\143\242\175\042\140\047\145\160\143\156\122\006\147\220}{section.4}% 23
\BOOKMARK [3][-]{subsubsection.4.1.1}{\376\377\221\321\207\215\145\160\143\156\166\204\176\337\213\241\162\171\140\047\122\006\147\220}{subsection.4.1}% 24
\BOOKMARK [3][-]{subsubsection.4.1.2}{\376\377\116\367\150\074\215\160\122\277}{subsection.4.1}% 25
\BOOKMARK [3][-]{subsubsection.4.1.3}{\376\377\166\370\121\163\140\047\122\006\147\220}{subsection.4.1}% 26
\BOOKMARK [3][-]{subsubsection.4.1.4}{\376\377\166\370\121\163\140\047\116\016\126\340\147\234\140\047\166\204\217\250\147\220}{subsection.4.1}% 27
\BOOKMARK [2][-]{subsection.4.2}{\376\377\230\204\155\113\116\373\122\241\133\371\153\324\122\006\147\220}{section.4}% 28
\BOOKMARK [3][-]{subsubsection.4.2.1}{\376\377\116\373\122\241\000\040\0001\377\032\122\051\165\050\121\166\116\326\000\040\0006\000\040\145\057\200\241\171\150\230\204\155\113\000\040\000S\000t\000o\000c\000k\000\040\0007}{subsection.4.2}% 29
\BOOKMARK [3][-]{subsubsection.4.2.2}{\376\377\116\373\122\241\000\040\0002\377\032\122\051\165\050\000\040\000S\000t\000o\000c\000k\000\040\0007\000\040\201\352\216\253\123\206\123\362\230\204\155\113}{subsection.4.2}% 30
\BOOKMARK [3][-]{subsubsection.4.2.3}{\376\377\116\373\122\241\000\040\0003\377\032\122\051\165\050\142\100\147\011\000\040\0007\000\040\145\057\200\241\171\150\230\204\155\113\000\040\000S\000t\000o\000c\000k\000\040\0007}{subsection.4.2}% 31
\BOOKMARK [2][-]{subsection.4.3}{\376\377\155\361\121\145\122\006\147\220}{section.4}% 32
\BOOKMARK [3][-]{subsubsection.4.3.1}{\376\377\215\205\123\302\145\160\145\117\141\037\140\047\122\006\147\220\377\032\123\206\123\362\172\227\123\343\131\047\134\017\166\204\137\161\124\315}{subsection.4.3}% 33
\BOOKMARK [3][-]{subsubsection.4.3.2}{\376\377\127\372\121\306\152\041\127\213\133\371\153\324\377\032\155\361\136\246\133\146\116\140\146\057\124\046\137\305\211\201\377\037}{subsection.4.3}% 34
\BOOKMARK [1][-]{section.5}{\376\377\213\250\213\272}{}% 35
\BOOKMARK [2][-]{subsection.5.1}{\376\377\162\171\137\201\220\011\142\351\166\204\221\315\211\201\140\047}{section.5}% 36
\BOOKMARK [2][-]{subsection.5.2}{\376\377\116\015\170\156\133\232\140\047\221\317\123\026\166\204\116\367\120\074}{section.5}% 37
\BOOKMARK [2][-]{subsection.5.3}{\376\377\226\217\147\072\156\070\215\160\116\016\147\011\145\110\136\002\127\072\120\107\213\364\166\204\131\032\176\364\211\343\213\373}{section.5}% 38
\BOOKMARK [2][-]{subsection.5.4}{\376\377\155\367\154\214\116\016\126\152\130\360\166\204\147\054\215\050\123\072\122\053}{section.5}% 39
\BOOKMARK [2][-]{subsection.5.5}{\376\377\120\117\135\356\000-\145\271\135\356\147\103\210\141\116\016\217\307\142\337\124\010\230\316\226\151}{section.5}% 40
\BOOKMARK [2][-]{subsection.5.6}{\376\377\152\041\127\213\134\100\226\120\140\047\116\016\147\052\147\145\135\345\117\134}{section.5}% 41
\BOOKMARK [1][-]{section.6}{\376\377\176\323\213\272}{}% 42
