\BOOKMARK [1][-]{section.1}{\376\377\137\025\212\000}{}% 1
\BOOKMARK [1][-]{section.2}{\376\377\166\370\121\163\135\345\117\134}{}% 2
\BOOKMARK [1][-]{section.3}{\376\377\000D\000e\000e\000p\000O\000N\000e\000t\000\040\145\271\154\325\213\272}{}% 3
\BOOKMARK [2][-]{subsection.3.1}{\376\377\164\006\213\272\127\372\170\100\377\032\173\227\133\120\220\032\165\050\217\321\117\074\133\232\164\006}{section.3}% 4
\BOOKMARK [2][-]{subsection.3.2}{\376\377\177\121\176\334\147\266\147\204}{section.3}% 5
\BOOKMARK [2][-]{subsection.3.3}{\376\377\145\160\143\156\165\037\142\020\116\016\213\255\176\303}{section.3}% 6
\BOOKMARK [1][-]{section.4}{\376\377\133\236\232\214\176\323\147\234\116\016\122\006\147\220}{}% 7
\BOOKMARK [2][-]{subsection.4.1}{\376\377\122\250\140\001\174\373\176\337\116\016\171\357\122\006\173\227\133\120}{section.4}% 8
\BOOKMARK [2][-]{subsection.4.2}{\376\377\120\117\137\256\122\006\145\271\172\013\000\040\000\050\000P\000D\000E\000s\000\051}{section.4}% 9
\BOOKMARK [2][-]{subsection.4.3}{\376\377\133\371\153\324\133\236\232\214}{section.4}% 10
\BOOKMARK [2][-]{subsection.4.4}{\376\377\213\357\135\356\145\066\145\133\140\047\122\006\147\220}{section.4}% 11
\BOOKMARK [1][-]{section.5}{\376\377\116\052\116\272\124\057\123\321}{}% 12
\BOOKMARK [2][-]{subsection.5.1}{\376\377\147\266\147\204\123\163\121\110\232\214\000\040\000\050\000A\000r\000c\000h\000i\000t\000e\000c\000t\000u\000r\000e\000\040\000a\000s\000\040\000P\000r\000i\000o\000r\000\051}{section.5}% 13
\BOOKMARK [2][-]{subsection.5.2}{\376\377\116\316\040\034\211\343\145\271\172\013\040\035\122\060\040\034\133\146\173\227\133\120\040\035\166\204\203\003\137\017\217\154\123\330}{section.5}% 14
\BOOKMARK [2][-]{subsection.5.3}{\376\377\145\160\143\156\232\161\122\250\116\016\162\151\164\006\117\341\140\157\166\204\116\222\210\145}{section.5}% 15
\BOOKMARK [1][-]{section.6}{\376\377\210\115\165\037\140\363\154\325}{}% 16
\BOOKMARK [2][-]{subsection.6.1}{\376\377\0001\000.\000\040\147\266\147\204\134\102\227\142\166\204\145\071\217\333}{section.6}% 17
\BOOKMARK [2][-]{subsection.6.2}{\376\377\0002\000.\000\040\213\255\176\303\173\126\165\145\116\016\145\160\143\156\145\110\163\207}{section.6}% 18
\BOOKMARK [2][-]{subsection.6.3}{\376\377\0003\000.\000\040\136\224\165\050\127\072\146\157\142\323\134\125}{section.6}% 19
\BOOKMARK [1][-]{section.7}{\376\377\134\100\226\120\116\016\154\350\141\017\116\213\230\171}{}% 20
\BOOKMARK [1][-]{section.8}{\376\377\176\323\213\272}{}% 21
